/*C12*/SET SCHEMA PUBLIC
SET SCHEMA "PUBLIC"
INSERT INTO ATTENDEES VALUES('3c6202a0-ad2b-4fd2-8756-464ce6c55103','Fernanda Kipper 2','teste2@email.com','ef38a5c9-5b46-4796-8fde-90944418108b','2024-04-05 20:39:26.658088')
COMMIT
INSERT INTO ATTENDEES VALUES('2faf2171-1e75-4d27-b48d-f2e3dddfb0f9','Jo\u00e3o Silvira','joao@email.com','ef38a5c9-5b46-4796-8fde-90944418108b','2024-04-05 20:39:51.626139')
COMMIT
INSERT INTO ATTENDEES VALUES('1d8fa86e-060e-4c8b-bc60-6b389298b573','Caio Moreira','caio@email.com','ef38a5c9-5b46-4796-8fde-90944418108b','2024-04-05 20:40:00.921115')
COMMIT
INSERT INTO ATTENDEES VALUES('132deb20-5287-4396-80b6-a88c8619e59c','Caio Moreira 2','caio2@email.com','ef38a5c9-5b46-4796-8fde-90944418108b','2024-04-05 20:40:09.449214')
COMMIT
INSERT INTO ATTENDEES VALUES('7ef17a4c-dfc6-43c7-9ed3-28644cdcb416','Julia Sampaio','julia@email.com','ef38a5c9-5b46-4796-8fde-90944418108b','2024-04-05 20:40:19.325573')
COMMIT
INSERT INTO ATTENDEES VALUES('11872807-f3a0-4bb9-a94d-950e3d800d07','Catarina Sampaio','cat@email.com','ef38a5c9-5b46-4796-8fde-90944418108b','2024-04-05 20:40:28.643983')
COMMIT
/*C13*/SET SCHEMA PUBLIC
INSERT INTO ATTENDEES VALUES('35d17c97-0366-494a-9ef7-5bda43ea9046','Jorge Andriolo','jorge@email.com','ef38a5c9-5b46-4796-8fde-90944418108b','2024-04-05 20:40:54.439380')
COMMIT
/*C12*/INSERT INTO ATTENDEES VALUES('840fc77f-ecc1-4551-9d06-83c8201536b9','Julio Andriolo','julio@email.com','ef38a5c9-5b46-4796-8fde-90944418108b','2024-04-05 20:40:58.959569')
COMMIT
INSERT INTO ATTENDEES VALUES('f328d991-2ab7-4f0a-a897-1258284768f6','Riquelme Vicente','riq@email.com','ef38a5c9-5b46-4796-8fde-90944418108b','2024-04-05 20:41:09.929012')
COMMIT
INSERT INTO ATTENDEES VALUES('a949cb30-9e09-4aff-8558-7fb1278b932d','Vicente','vic@email.com','ef38a5c9-5b46-4796-8fde-90944418108b','2024-04-05 20:41:18.099897')
COMMIT
/*C20*/SET SCHEMA PUBLIC
DISCONNECT
/*C15*/SET SCHEMA PUBLIC
DISCONNECT
/*C12*/DISCONNECT
/*C14*/SET SCHEMA PUBLIC
DISCONNECT
/*C17*/SET SCHEMA PUBLIC
DISCONNECT
/*C16*/SET SCHEMA PUBLIC
DISCONNECT
/*C13*/DISCONNECT
/*C18*/SET SCHEMA PUBLIC
DISCONNECT
/*C21*/SET SCHEMA PUBLIC
DISCONNECT
/*C19*/SET SCHEMA PUBLIC
DISCONNECT
/*C22*/SET SCHEMA PUBLIC
INSERT INTO ATTENDEES VALUES('1191bf77-ddaf-4f7f-a2f5-c114b1960696','Pedro','pedro@hotmail.com','ef38a5c9-5b46-4796-8fde-90944418108b','2024-04-05 21:12:23.565916')
COMMIT
/*C25*/SET SCHEMA PUBLIC
DISCONNECT
/*C26*/SET SCHEMA PUBLIC
DISCONNECT
/*C24*/SET SCHEMA PUBLIC
DISCONNECT
/*C23*/SET SCHEMA PUBLIC
DISCONNECT
/*C27*/SET SCHEMA PUBLIC
DISCONNECT
/*C22*/DISCONNECT
/*C31*/SET SCHEMA PUBLIC
DISCONNECT
/*C28*/SET SCHEMA PUBLIC
DISCONNECT
/*C29*/SET SCHEMA PUBLIC
DISCONNECT
/*C30*/SET SCHEMA PUBLIC
DISCONNECT
/*C32*/SET SCHEMA PUBLIC
DISCONNECT
/*C33*/SET SCHEMA PUBLIC
DISCONNECT
/*C34*/SET SCHEMA PUBLIC
DISCONNECT
/*C35*/SET SCHEMA PUBLIC
DISCONNECT
/*C36*/SET SCHEMA PUBLIC
DISCONNECT
/*C37*/SET SCHEMA PUBLIC
DISCONNECT
/*C38*/SET SCHEMA PUBLIC
DISCONNECT
/*C39*/SET SCHEMA PUBLIC
DISCONNECT
/*C40*/SET SCHEMA PUBLIC
DISCONNECT
/*C41*/SET SCHEMA PUBLIC
DISCONNECT
